<?xml version="1.0" encoding="UTF-8"?>
<testng-results ignored="0" total="2" passed="2" failed="0" skipped="0">
  <reporter-output>
  </reporter-output>
  <suite started-at="2025-01-29T21:44:26 IST" name="Masters Suite" finished-at="2025-01-29T21:44:46 IST" duration-ms="20257">
    <groups>
      <group name="Master">
        <method signature="AccountRegistrationTest.AccountRegistration()[pri:0, instance:testCases.AccountRegistrationTest@795cd85e]" name="AccountRegistration" class="testCases.AccountRegistrationTest"/>
        <method signature="LoginTest.logintest()[pri:0, instance:testCases.LoginTest@5fdcaa40]" name="logintest" class="testCases.LoginTest"/>
      </group> <!-- Master -->
      <group name="Sanity">
        <method signature="LoginTest.logintest()[pri:0, instance:testCases.LoginTest@5fdcaa40]" name="logintest" class="testCases.LoginTest"/>
      </group> <!-- Sanity -->
      <group name="Regression">
        <method signature="AccountRegistrationTest.AccountRegistration()[pri:0, instance:testCases.AccountRegistrationTest@795cd85e]" name="AccountRegistration" class="testCases.AccountRegistrationTest"/>
      </group> <!-- Regression -->
    </groups>
    <test started-at="2025-01-29T21:44:26 IST" name="Master" finished-at="2025-01-29T21:44:46 IST" duration-ms="20257">
      <class name="testCases.LoginTest">
        <test-method is-config="true" signature="setup(java.lang.String,java.lang.String)[pri:0, instance:testCases.LoginTest@5fdcaa40]" started-at="2025-01-29T21:44:39 IST" name="setup" finished-at="2025-01-29T21:44:43 IST" duration-ms="4088" status="PASS">
          <params>
            <param index="0">
              <value>
                <![CDATA[Window]]>
              </value>
            </param>
            <param index="1">
              <value>
                <![CDATA[chrome]]>
              </value>
            </param>
          </params>
          <reporter-output>
          </reporter-output>
        </test-method> <!-- setup -->
        <test-method signature="logintest()[pri:0, instance:testCases.LoginTest@5fdcaa40]" started-at="2025-01-29T21:44:43 IST" name="logintest" finished-at="2025-01-29T21:44:46 IST" duration-ms="2924" status="PASS">
          <reporter-output>
          </reporter-output>
        </test-method> <!-- logintest -->
        <test-method is-config="true" signature="teardown()[pri:0, instance:testCases.LoginTest@5fdcaa40]" started-at="2025-01-29T21:44:46 IST" name="teardown" finished-at="2025-01-29T21:44:46 IST" duration-ms="333" status="PASS">
          <reporter-output>
          </reporter-output>
        </test-method> <!-- teardown -->
      </class> <!-- testCases.LoginTest -->
      <class name="testCases.AccountRegistrationTest">
        <test-method is-config="true" signature="setup(java.lang.String,java.lang.String)[pri:0, instance:testCases.AccountRegistrationTest@795cd85e]" started-at="2025-01-29T21:44:27 IST" name="setup" finished-at="2025-01-29T21:44:35 IST" duration-ms="7918" status="PASS">
          <params>
            <param index="0">
              <value>
                <![CDATA[Window]]>
              </value>
            </param>
            <param index="1">
              <value>
                <![CDATA[chrome]]>
              </value>
            </param>
          </params>
          <reporter-output>
          </reporter-output>
        </test-method> <!-- setup -->
        <test-method signature="AccountRegistration()[pri:0, instance:testCases.AccountRegistrationTest@795cd85e]" started-at="2025-01-29T21:44:35 IST" name="AccountRegistration" finished-at="2025-01-29T21:44:39 IST" duration-ms="3878" status="PASS">
          <reporter-output>
          </reporter-output>
        </test-method> <!-- AccountRegistration -->
        <test-method is-config="true" signature="teardown()[pri:0, instance:testCases.AccountRegistrationTest@795cd85e]" started-at="2025-01-29T21:44:39 IST" name="teardown" finished-at="2025-01-29T21:44:39 IST" duration-ms="312" status="PASS">
          <reporter-output>
          </reporter-output>
        </test-method> <!-- teardown -->
      </class> <!-- testCases.AccountRegistrationTest -->
    </test> <!-- Master -->
  </suite> <!-- Masters Suite -->
</testng-results>
